<?xml version="1.0" encoding="UTF-8"?>
<!-- Generated by org.testng.reporters.JUnitXMLReporter -->
<testsuite hostname="4399SBWQZK4BO21" ignored="0" name="Default test" tests="4" failures="0" timestamp="01 二月 2019 07:49:30 GMT" time="71.007" errors="0">
  <testcase name="getLoginHome" time="32.588" classname="com.lzq.selenium.imoocTest.testCase.Login"/>
  <testcase name="testLogin" time="28.696" classname="com.lzq.selenium.imoocTest.testCase.Login"/>
  <testcase name="testBuyNow" time="9.197" classname="com.lzq.selenium.imoocTest.testCase.Login"/>
  <testcase name="testSureOrder" time="0.393" classname="com.lzq.selenium.imoocTest.testCase.Login"/>
</testsuite> <!-- Default test -->
