<?xml version="1.0" encoding="UTF-8"?>
<!-- Generated by org.testng.reporters.JUnitXMLReporter -->
<testsuite hostname="8UOUHVQX1VYCRZZ" ignored="0" name="Default test" tests="5" failures="0" timestamp="24 二月 2019 15:24:31 GMT" time="72.249" errors="0">
  <testcase name="getLoginHome" time="28.407" classname="com.lzq.selenium.imoocTest.testCase.Login"/>
  <testcase name="testLogin" time="23.508" classname="com.lzq.selenium.imoocTest.testCase.Login"/>
  <testcase name="testBuyNow" time="8.232" classname="com.lzq.selenium.imoocTest.testCase.Login"/>
  <testcase name="testSureOrder" time="3.109" classname="com.lzq.selenium.imoocTest.testCase.Login"/>
  <testcase name="TestGoPay" time="4.563" classname="com.lzq.selenium.imoocTest.testCase.Login"/>
</testsuite> <!-- Default test -->
