<?xml version="1.0" encoding="UTF-8"?>
<testng-results skipped="0" failed="0" ignored="0" total="1" passed="1">
  <reporter-output>
  </reporter-output>
  <suite name="Default suite" duration-ms="33566" started-at="2019-03-02T09:10:54Z" finished-at="2019-03-02T09:11:28Z">
    <groups>
    </groups>
    <test name="Default test" duration-ms="33566" started-at="2019-03-02T09:10:54Z" finished-at="2019-03-02T09:11:28Z">
      <class name="com.lzq.selenium.imoocTest.testCase.SuiteTestBuy">
        <test-method status="PASS" signature="beforeClass()[pri:0, instance:com.lzq.selenium.imoocTest.testCase.SuiteTestBuy@d62f43]" name="beforeClass" is-config="true" duration-ms="33285" started-at="2019-03-02T17:10:54Z" finished-at="2019-03-02T17:11:27Z">
          <reporter-output>
          </reporter-output>
        </test-method> <!-- beforeClass -->
        <test-method status="PASS" signature="testBuy()[pri:0, instance:com.lzq.selenium.imoocTest.testCase.SuiteTestBuy@d62f43]" name="testBuy" duration-ms="258" started-at="2019-03-02T17:11:27Z" finished-at="2019-03-02T17:11:28Z">
          <reporter-output>
          </reporter-output>
        </test-method> <!-- testBuy -->
        <test-method status="PASS" signature="afterClass()[pri:0, instance:com.lzq.selenium.imoocTest.testCase.SuiteTestBuy@d62f43]" name="afterClass" is-config="true" duration-ms="1" started-at="2019-03-02T17:11:28Z" finished-at="2019-03-02T17:11:28Z">
          <reporter-output>
          </reporter-output>
        </test-method> <!-- afterClass -->
      </class> <!-- com.lzq.selenium.imoocTest.testCase.SuiteTestBuy -->
    </test> <!-- Default test -->
  </suite> <!-- Default suite -->
</testng-results>
